SF:lib/modules/search/domain/entities/repo_entity.dart
DA:5,0
LF:1
LH:0
end_of_record
SF:lib/modules/search/domain/errors/errors.dart
DA:9,1
DA:16,1
LF:2
LH:2
end_of_record
SF:lib/modules/search/domain/usecases/search_by_text_usecase.dart
DA:14,1
DA:17,1
DA:18,1
DA:19,2
DA:22,3
LF:5
LH:5
end_of_record
SF:lib/main.dart
DA:4,0
DA:5,0
DA:9,0
DA:10,0
DA:12,0
DA:13,0
DA:14,0
DA:16,0
DA:20,0
DA:25,0
DA:26,0
DA:28,0
DA:30,0
DA:34,1
DA:36,0
DA:38,0
DA:39,0
DA:40,0
DA:46,0
DA:47,0
DA:49,0
DA:50,0
DA:55,1
DA:58,1
DA:60,1
DA:62,1
DA:80,1
DA:93,1
DA:94,1
DA:100,1
DA:101,2
DA:107,2
DA:111,1
DA:119,1
DA:120,1
DA:123,3
DA:125,1
DA:128,1
DA:144,1
DA:148,1
DA:149,2
DA:150,3
DA:155,1
DA:156,1
LF:44
LH:23
end_of_record
